/*C1*/SET SCHEMA SYSTEM_LOBS
INSERT INTO BLOCKS VALUES(0,2147483647,0)
COMMIT
/*C11*/SET SCHEMA PUBLIC
drop table employee if exists
drop table roles if exists
drop table user if exists
drop table user_role if exists
create table employee (id bigint generated by default as identity (start with 1), email varchar(255), first_name varchar(255), last_name varchar(255), primary key (id))
create table roles (id bigint generated by default as identity (start with 1), role varchar(255), primary key (id))
create table user (id bigint generated by default as identity (start with 1), email varchar(255), enabled boolean, name varchar(255), password varchar(255), primary key (id))
create table user_role (user_id bigint not null, role_id bigint not null, primary key (user_id, role_id))
alter table roles add constraint UKg50w4r0ru3g9uf6i6fr4kpro8 unique (role)
alter table user add constraint UKob8kqyqqgmefl0aco34akdtpe unique (email)
alter table user_role add constraint FKt7e7djp752sqn6w22i6ocqy6q foreign key (role_id) references roles
alter table user_role add constraint FK859n2jvi8ivhui0rl0esws6o foreign key (user_id) references user
INSERT INTO ROLES VALUES(1,'ROLE_USER')
COMMIT
INSERT INTO USER VALUES(1,'shyam@g.com',NULL,NULL,'$2a$10$.qmJc.Tbwo8JNWfiNw6Yqer/ViqSMv/Jpmln0U6bCdosnrwBFG6.C')
INSERT INTO USER_ROLE VALUES(1,1)
COMMIT
